
Showing logs for build [32mcb-kubecd-environment-pr-1498-3-rf5cm-1[0m stage [32mfrom-build-pack[0m and container [32mstep-credential-initializer-84lvj[0m
{"level":"info","ts":1590762687.5281868,"logger":"fallback-logger","caller":"logging/config.go:69","msg":"Fetch GitHub commit ID from kodata failed: open /var/run/ko/refs/heads/0.8.0-ns-support: no such file or directory"}
{"level":"info","ts":1590762687.5290923,"logger":"fallback-logger","caller":"creds-init/main.go:40","msg":"Credentials initialized."}

Showing logs for build [32mcb-kubecd-environment-pr-1498-3-rf5cm-1[0m stage [32mfrom-build-pack[0m and container [32mstep-working-dir-initializer-ms4dv[0m
{"level":"info","ts":1590762688.2787886,"logger":"fallback-logger","caller":"logging/config.go:69","msg":"Fetch GitHub commit ID from kodata failed: open /var/run/ko/HEAD: no such file or directory"}
{"level":"info","ts":1590762688.2842703,"logger":"fallback-logger","caller":"bash/main.go:64","msg":"Successfully executed command \"sh -c mkdir -p /workspace/source\"; output "}

Showing logs for build [32mcb-kubecd-environment-pr-1498-3-rf5cm-1[0m stage [32mfrom-build-pack[0m and container [32mstep-place-tools[0m

Showing logs for build [32mcb-kubecd-environment-pr-1498-3-rf5cm-1[0m stage [32mfrom-build-pack[0m and container [32mstep-git-source-cb-kubecd-environment-pr-1498-3-rf5cm-2m9vh[0m
{"level":"info","ts":1590762694.5963533,"logger":"fallback-logger","caller":"logging/config.go:69","msg":"Fetch GitHub commit ID from kodata failed: open /var/run/ko/refs/heads/0.8.0-ns-support: no such file or directory"}
{"level":"info","ts":1590762695.6480634,"logger":"fallback-logger","caller":"git/git.go:103","msg":"Successfully cloned https://github.com/cb-kubecd/environment-pr-1498-32-bdd-frontend-staging.git @ master in path /workspace/source"}

Showing logs for build [32mcb-kubecd-environment-pr-1498-3-rf5cm-1[0m stage [32mfrom-build-pack[0m and container [32mstep-git-merge[0m
Using SHAs from PULL_REFS=master:60afdcbc698719bca2baffec614962936b13ca6d,1:8d717c282ebb2a38c2473a7ba970c04207fb9dcc
DEBUG: JX_LOG_LEVEL=error LC_ALL=C git fetch origin --unshallow 8d717c282ebb2a38c2473a7ba970c04207fb9dcc: 60afdcbc698719bca2baffec614962936b13ca6d:
DEBUG: ran git fetch --unshallow origin 8d717c282ebb2a38c2473a7ba970c04207fb9dcc: 60afdcbc698719bca2baffec614962936b13ca6d: in 
DEBUG: JX_LOG_LEVEL=error LC_ALL=C git branch
DEBUG: LC_ALL=C JX_LOG_LEVEL=error git checkout master
DEBUG: ran git checkout master in 
DEBUG: LC_ALL=C JX_LOG_LEVEL=error git reset --hard 60afdcbc698719bca2baffec614962936b13ca6d
DEBUG: ran git reset --hard 60afdcbc698719bca2baffec614962936b13ca6d in 
DEBUG: LC_ALL=C JX_LOG_LEVEL=error git clean -fd .
DEBUG: ran clean --force -d . in 
DEBUG: LC_ALL=C JX_LOG_LEVEL=error git merge 8d717c282ebb2a38c2473a7ba970c04207fb9dcc
DEBUG: ran git merge 8d717c282ebb2a38c2473a7ba970c04207fb9dcc in 
DEBUG: LC_ALL=C JX_LOG_LEVEL=error git log --format=%H%x1f%an%x1f%ae%x1f%cn%x1f%ce%x1f%s%n%b%x1e 60afdcbc698719bca2baffec614962936b13ca6d..HEAD
Merged SHA 8d717c282ebb2a38c2473a7ba970c04207fb9dcc with commit message 'chore: Promote bdd-nh-1590761577 to version 0.0.1' into base branch master

Showing logs for build [32mcb-kubecd-environment-pr-1498-3-rf5cm-1[0m stage [32mfrom-build-pack[0m and container [32mstep-build-helm-build[0m
WARNING: No $CHART_REPOSITORY defined so using the default value of: http://jenkins-x-chartmuseum:8080
Adding missing Helm repo: storage.googleapis.com https://storage.googleapis.com/chartmuseum.jenkins-x.io
WARNING: No secrets found on "helm/repos" due: reading the secret "helm/repos" from vault: no secret "helm/repos" not found in vault
Read credentials for https://storage.googleapis.com/chartmuseum.jenkins-x.io from vault helm/repos
Successfully added Helm repository storage.googleapis.com.
Adding missing Helm repo: jenkins-x-chartmuseum http://jenkins-x-chartmuseum:8080
WARNING: No secrets found on "helm/repos" due: reading the secret "helm/repos" from vault: no secret "helm/repos" not found in vault
Read credentials for http://jenkins-x-chartmuseum:8080 from vault helm/repos
Successfully added Helm repository jenkins-x-chartmuseum.
WARNING: No $CHART_REPOSITORY defined so using the default value of: http://jenkins-x-chartmuseum:8080
Adding missing Helm repo: chartmuseum.jenkins-x.io http://chartmuseum.jenkins-x.io
WARNING: No secrets found on "helm/repos" due: reading the secret "helm/repos" from vault: no secret "helm/repos" not found in vault
Read credentials for http://chartmuseum.jenkins-x.io from vault helm/repos
Successfully added Helm repository chartmuseum.jenkins-x.io.
